<?xml version="1.0" encoding="UTF-8"?>
<testsuite name="Crear una cuenta en el sitio web" tests="1" skipped="0" failures="0" errors="0" timestamp="2022-03-26T23:35:41" hostname="SISAZADRI" time="67.832">
  <properties/>
  <testcase name="Registro a la plataforma con correo ya registrado" classname="Crear una cuenta en el sitio web" time="67.832"/>
  <system-out><![CDATA[]]></system-out>
  <system-err><![CDATA[mar 26, 2022 6:35:42 PM org.openqa.selenium.remote.DesiredCapabilities chrome
INFORMACIÓN: Using `new ChromeOptions()` is preferred to `DesiredCapabilities.chrome()`
Starting ChromeDriver 99.0.4844.51 (d537ec02474b5afe23684e7963d538896c63ac77-refs/branch-heads/4844@{#875}) on port 22137
Only local connections are allowed.
Please see https://chromedriver.chromium.org/security-considerations for suggestions on keeping ChromeDriver safe.
ChromeDriver was started successfully.
mar 26, 2022 6:35:46 PM org.openqa.selenium.remote.ProtocolHandshake createSession
INFORMACIÓN: Detected dialect: W3C
]]></system-err>
</testsuite>
